<?xml version="1.0" encoding="UTF-8"?>
<testng-results skipped="0" failed="0" ignored="0" total="2" passed="2">
  <reporter-output>
  </reporter-output>
  <suite name="Suite" duration-ms="16138" started-at="2018-11-15T06:32:15Z" finished-at="2018-11-15T06:32:32Z">
    <groups>
    </groups>
    <test name="Test" duration-ms="16138" started-at="2018-11-15T06:32:15Z" finished-at="2018-11-15T06:32:32Z">
      <class name="com.qa.Test.LoginTest">
        <test-method status="PASS" signature="setup()[pri:0, instance:com.qa.Test.LoginTest@57baeedf]" name="setup" is-config="true" duration-ms="9368" started-at="2018-11-15T06:32:15Z" finished-at="2018-11-15T06:32:25Z">
          <reporter-output>
          </reporter-output>
        </test-method> <!-- setup -->
        <test-method status="PASS" signature="verifyloginDetails(java.lang.String, java.lang.String)[pri:0, instance:com.qa.Test.LoginTest@57baeedf]" name="verifyloginDetails" duration-ms="2386" started-at="2018-11-15T06:32:26Z" data-provider="LoginData" finished-at="2018-11-15T06:32:29Z">
          <params>
            <param index="0">
              <value>
                <![CDATA[Admin]]>
              </value>
            </param>
            <param index="1">
              <value>
                <![CDATA[admin123]]>
              </value>
            </param>
          </params>
          <reporter-output>
          </reporter-output>
        </test-method> <!-- verifyloginDetails -->
        <test-method status="PASS" signature="verifylogout()[pri:0, instance:com.qa.Test.LoginTest@57baeedf]" name="verifylogout" duration-ms="2586" started-at="2018-11-15T06:32:29Z" finished-at="2018-11-15T06:32:31Z">
          <reporter-output>
          </reporter-output>
        </test-method> <!-- verifylogout -->
        <test-method status="PASS" signature="teardown()[pri:0, instance:com.qa.Test.LoginTest@57baeedf]" name="teardown" is-config="true" duration-ms="247" started-at="2018-11-15T06:32:31Z" finished-at="2018-11-15T06:32:32Z">
          <reporter-output>
          </reporter-output>
        </test-method> <!-- teardown -->
      </class> <!-- com.qa.Test.LoginTest -->
    </test> <!-- Test -->
  </suite> <!-- Suite -->
</testng-results>
